mode: atomic
github.com/hgarfer/docker-volume-sshfs/main.go:40.56,50.16 4 17
github.com/hgarfer/docker-volume-sshfs/main.go:50.16,51.25 1 16
github.com/hgarfer/docker-volume-sshfs/main.go:51.25,53.4 1 16
github.com/hgarfer/docker-volume-sshfs/main.go:53.9,55.4 1 0
github.com/hgarfer/docker-volume-sshfs/main.go:56.8,57.58 1 1
github.com/hgarfer/docker-volume-sshfs/main.go:57.58,59.4 1 0
github.com/hgarfer/docker-volume-sshfs/main.go:62.2,62.15 1 17
github.com/hgarfer/docker-volume-sshfs/main.go:65.35,67.16 2 7
github.com/hgarfer/docker-volume-sshfs/main.go:67.16,70.3 2 0
github.com/hgarfer/docker-volume-sshfs/main.go:72.2,72.63 1 7
github.com/hgarfer/docker-volume-sshfs/main.go:72.63,74.3 1 0
github.com/hgarfer/docker-volume-sshfs/main.go:77.61,85.34 5 6
github.com/hgarfer/docker-volume-sshfs/main.go:85.34,86.14 1 10
github.com/hgarfer/docker-volume-sshfs/main.go:87.17,88.18 1 5
github.com/hgarfer/docker-volume-sshfs/main.go:89.19,90.20 1 2
github.com/hgarfer/docker-volume-sshfs/main.go:91.15,92.16 1 1
github.com/hgarfer/docker-volume-sshfs/main.go:93.11,94.17 1 2
github.com/hgarfer/docker-volume-sshfs/main.go:94.17,96.5 1 1
github.com/hgarfer/docker-volume-sshfs/main.go:96.10,98.5 1 1
github.com/hgarfer/docker-volume-sshfs/main.go:102.2,102.20 1 6
github.com/hgarfer/docker-volume-sshfs/main.go:102.20,104.3 1 1
github.com/hgarfer/docker-volume-sshfs/main.go:105.2,111.12 4 5
github.com/hgarfer/docker-volume-sshfs/main.go:114.61,121.9 5 3
github.com/hgarfer/docker-volume-sshfs/main.go:121.9,123.3 1 1
github.com/hgarfer/docker-volume-sshfs/main.go:125.2,125.24 1 2
github.com/hgarfer/docker-volume-sshfs/main.go:125.24,127.3 1 1
github.com/hgarfer/docker-volume-sshfs/main.go:128.2,128.51 1 1
github.com/hgarfer/docker-volume-sshfs/main.go:128.51,130.3 1 0
github.com/hgarfer/docker-volume-sshfs/main.go:131.2,133.12 3 1
github.com/hgarfer/docker-volume-sshfs/main.go:136.81,143.9 5 2
github.com/hgarfer/docker-volume-sshfs/main.go:143.9,145.3 1 1
github.com/hgarfer/docker-volume-sshfs/main.go:147.2,147.60 1 1
github.com/hgarfer/docker-volume-sshfs/main.go:150.84,157.9 5 0
github.com/hgarfer/docker-volume-sshfs/main.go:157.9,159.3 1 0
github.com/hgarfer/docker-volume-sshfs/main.go:161.2,161.24 1 0
github.com/hgarfer/docker-volume-sshfs/main.go:161.24,163.25 2 0
github.com/hgarfer/docker-volume-sshfs/main.go:163.25,164.59 1 0
github.com/hgarfer/docker-volume-sshfs/main.go:164.59,166.5 1 0
github.com/hgarfer/docker-volume-sshfs/main.go:167.9,167.24 1 0
github.com/hgarfer/docker-volume-sshfs/main.go:167.24,169.4 1 0
github.com/hgarfer/docker-volume-sshfs/main.go:171.3,171.31 1 0
github.com/hgarfer/docker-volume-sshfs/main.go:171.31,173.4 1 0
github.com/hgarfer/docker-volume-sshfs/main.go:175.3,175.42 1 0
github.com/hgarfer/docker-volume-sshfs/main.go:175.42,177.4 1 0
github.com/hgarfer/docker-volume-sshfs/main.go:180.2,182.61 2 0
github.com/hgarfer/docker-volume-sshfs/main.go:185.63,191.9 5 0
github.com/hgarfer/docker-volume-sshfs/main.go:191.9,193.3 1 0
github.com/hgarfer/docker-volume-sshfs/main.go:195.2,197.24 2 0
github.com/hgarfer/docker-volume-sshfs/main.go:197.24,198.55 1 0
github.com/hgarfer/docker-volume-sshfs/main.go:198.55,200.4 1 0
github.com/hgarfer/docker-volume-sshfs/main.go:201.3,201.20 1 0
github.com/hgarfer/docker-volume-sshfs/main.go:204.2,204.12 1 0
github.com/hgarfer/docker-volume-sshfs/main.go:207.78,214.9 5 2
github.com/hgarfer/docker-volume-sshfs/main.go:214.9,216.3 1 1
github.com/hgarfer/docker-volume-sshfs/main.go:218.2,218.97 1 1
github.com/hgarfer/docker-volume-sshfs/main.go:221.60,228.33 5 2
github.com/hgarfer/docker-volume-sshfs/main.go:228.33,230.3 1 2
github.com/hgarfer/docker-volume-sshfs/main.go:231.2,231.49 1 2
github.com/hgarfer/docker-volume-sshfs/main.go:234.67,238.2 2 1
github.com/hgarfer/docker-volume-sshfs/main.go:240.57,242.18 2 0
github.com/hgarfer/docker-volume-sshfs/main.go:242.18,244.3 1 0
github.com/hgarfer/docker-volume-sshfs/main.go:245.2,245.22 1 0
github.com/hgarfer/docker-volume-sshfs/main.go:245.22,248.3 2 0
github.com/hgarfer/docker-volume-sshfs/main.go:250.2,250.35 1 0
github.com/hgarfer/docker-volume-sshfs/main.go:250.35,252.3 1 0
github.com/hgarfer/docker-volume-sshfs/main.go:254.2,256.16 3 0
github.com/hgarfer/docker-volume-sshfs/main.go:256.16,258.3 1 0
github.com/hgarfer/docker-volume-sshfs/main.go:259.2,259.12 1 0
github.com/hgarfer/docker-volume-sshfs/main.go:262.58,266.2 3 0
github.com/hgarfer/docker-volume-sshfs/main.go:268.57,271.2 2 6
github.com/hgarfer/docker-volume-sshfs/main.go:273.13,275.43 2 0
github.com/hgarfer/docker-volume-sshfs/main.go:275.43,277.3 1 0
github.com/hgarfer/docker-volume-sshfs/main.go:279.2,280.16 2 0
github.com/hgarfer/docker-volume-sshfs/main.go:280.16,282.3 1 0
github.com/hgarfer/docker-volume-sshfs/main.go:283.2,285.45 3 0
